<?xml version="1.0" encoding="utf-8"?>
<coverage line-rate="0.70925110132158586" branch-rate="0" complexity="0" branches-covered="0" branches-valid="0" timestamp="1702385627" lines-covered="161" lines-valid="227" version="0">
  <sources>
    <source>E:</source>
  </sources>
  <packages>
    <package name="E:\DataStructures\ce205-final-eray-burak-cakir-cpp\build_win\build\Debug\CarMaintenance_tests.exe" line-rate="0.27500000000000002" branch-rate="0" complexity="0">
      <classes>
        <class name="CarMaintenance.cpp" filename="DataStructures\ce205-final-eray-burak-cakir-cpp\src\CarMaintenance\src\CarMaintenance.cpp" line-rate="0.21428571428571427" branch-rate="0" complexity="0">
          <methods/>
          <lines>
            <line number="6" hits="1"/>
            <line number="7" hits="1"/>
            <line number="8" hits="1"/>
            <line number="10" hits="0"/>
            <line number="11" hits="0"/>
            <line number="12" hits="0"/>
            <line number="14" hits="0"/>
            <line number="15" hits="0"/>
            <line number="16" hits="0"/>
            <line number="18" hits="0"/>
            <line number="19" hits="0"/>
            <line number="20" hits="0"/>
            <line number="23" hits="0"/>
            <line number="24" hits="0"/>
          </lines>
        </class>
        <class name="CarMaintenance_test.cpp" filename="DataStructures\ce205-final-eray-burak-cakir-cpp\src\tests\CarMaintenance\CarMaintenance_test.cpp" line-rate="0.30769230769230771" branch-rate="0" complexity="0">
          <methods/>
          <lines>
            <line number="10" hits="0"/>
            <line number="12" hits="0"/>
            <line number="14" hits="0"/>
            <line number="16" hits="0"/>
            <line number="19" hits="1"/>
            <line number="20" hits="0"/>
            <line number="21" hits="0"/>
            <line number="22" hits="0"/>
            <line number="24" hits="1"/>
            <line number="25" hits="0"/>
            <line number="26" hits="0"/>
            <line number="27" hits="0"/>
            <line number="29" hits="1"/>
            <line number="30" hits="0"/>
            <line number="31" hits="0"/>
            <line number="32" hits="0"/>
            <line number="34" hits="1"/>
            <line number="35" hits="0"/>
            <line number="36" hits="0"/>
            <line number="37" hits="0"/>
            <line number="39" hits="1"/>
            <line number="40" hits="0"/>
            <line number="41" hits="0"/>
            <line number="50" hits="1"/>
            <line number="55" hits="1"/>
            <line number="57" hits="1"/>
          </lines>
        </class>
      </classes>
    </package>
    <package name="E:\DataStructures\ce205-final-eray-burak-cakir-cpp\build_win\build\Debug\CarMaintenanceapp.exe" line-rate="0.59090909090909094" branch-rate="0" complexity="0">
      <classes>
        <class name="CarMaintenance.cpp" filename="DataStructures\ce205-final-eray-burak-cakir-cpp\src\CarMaintenance\src\CarMaintenance.cpp" line-rate="0.21428571428571427" branch-rate="0" complexity="0">
          <methods/>
          <lines>
            <line number="6" hits="1"/>
            <line number="7" hits="1"/>
            <line number="8" hits="1"/>
            <line number="10" hits="0"/>
            <line number="11" hits="0"/>
            <line number="12" hits="0"/>
            <line number="14" hits="0"/>
            <line number="15" hits="0"/>
            <line number="16" hits="0"/>
            <line number="18" hits="0"/>
            <line number="19" hits="0"/>
            <line number="20" hits="0"/>
            <line number="23" hits="0"/>
            <line number="24" hits="0"/>
          </lines>
        </class>
        <class name="CarMaintenanceApp.cpp" filename="DataStructures\ce205-final-eray-burak-cakir-cpp\src\CarMaintenanceApp\src\CarMaintenanceApp.cpp" line-rate="0.66216216216216217" branch-rate="0" complexity="0">
          <methods/>
          <lines>
            <line number="19" hits="1"/>
            <line number="20" hits="1"/>
            <line number="21" hits="1"/>
            <line number="23" hits="0"/>
            <line number="24" hits="0"/>
            <line number="26" hits="0"/>
            <line number="28" hits="0"/>
            <line number="29" hits="0"/>
            <line number="31" hits="1"/>
            <line number="32" hits="1"/>
            <line number="33" hits="1"/>
            <line number="35" hits="1"/>
            <line number="36" hits="1"/>
            <line number="37" hits="1"/>
            <line number="38" hits="1"/>
            <line number="39" hits="1"/>
            <line number="40" hits="0"/>
            <line number="41" hits="0"/>
            <line number="42" hits="0"/>
            <line number="44" hits="1"/>
            <line number="45" hits="1"/>
            <line number="46" hits="0"/>
            <line number="47" hits="0"/>
            <line number="48" hits="0"/>
            <line number="49" hits="0"/>
            <line number="50" hits="0"/>
            <line number="51" hits="0"/>
            <line number="52" hits="0"/>
            <line number="54" hits="0"/>
            <line number="56" hits="1"/>
            <line number="58" hits="1"/>
            <line number="59" hits="1"/>
            <line number="60" hits="1"/>
            <line number="61" hits="1"/>
            <line number="63" hits="1"/>
            <line number="64" hits="1"/>
            <line number="66" hits="1"/>
            <line number="67" hits="1"/>
            <line number="68" hits="1"/>
            <line number="69" hits="1"/>
            <line number="71" hits="1"/>
            <line number="72" hits="1"/>
            <line number="73" hits="1"/>
            <line number="74" hits="1"/>
            <line number="75" hits="1"/>
            <line number="76" hits="1"/>
            <line number="79" hits="1"/>
            <line number="81" hits="1"/>
            <line number="82" hits="1"/>
            <line number="85" hits="0"/>
            <line number="86" hits="0"/>
            <line number="89" hits="0"/>
            <line number="90" hits="0"/>
            <line number="93" hits="0"/>
            <line number="94" hits="0"/>
            <line number="97" hits="0"/>
            <line number="101" hits="1"/>
            <line number="102" hits="1"/>
            <line number="103" hits="1"/>
            <line number="105" hits="1"/>
            <line number="107" hits="1"/>
            <line number="108" hits="1"/>
            <line number="110" hits="1"/>
            <line number="111" hits="1"/>
            <line number="112" hits="1"/>
            <line number="113" hits="1"/>
            <line number="116" hits="1"/>
            <line number="117" hits="1"/>
            <line number="118" hits="1"/>
            <line number="119" hits="1"/>
            <line number="120" hits="0"/>
            <line number="121" hits="0"/>
            <line number="123" hits="1"/>
            <line number="124" hits="1"/>
          </lines>
        </class>
      </classes>
    </package>
    <package name="E:\DataStructures\ce205-final-eray-burak-cakir-cpp\build_win\build\Debug\utility_tests.exe" line-rate="0.98989898989898994" branch-rate="0" complexity="0">
      <classes>
        <class name="utility_test.cpp" filename="DataStructures\ce205-final-eray-burak-cakir-cpp\src\tests\utility\utility_test.cpp" line-rate="1" branch-rate="0" complexity="0">
          <methods/>
          <lines>
            <line number="21" hits="1"/>
            <line number="23" hits="1"/>
            <line number="25" hits="1"/>
            <line number="27" hits="1"/>
            <line number="32" hits="1"/>
            <line number="34" hits="1"/>
            <line number="35" hits="1"/>
            <line number="38" hits="1"/>
            <line number="41" hits="1"/>
            <line number="42" hits="1"/>
            <line number="45" hits="1"/>
            <line number="47" hits="1"/>
            <line number="48" hits="1"/>
            <line number="51" hits="1"/>
            <line number="54" hits="1"/>
            <line number="55" hits="1"/>
            <line number="57" hits="1"/>
            <line number="59" hits="1"/>
            <line number="60" hits="1"/>
            <line number="63" hits="1"/>
            <line number="66" hits="1"/>
            <line number="67" hits="1"/>
            <line number="69" hits="1"/>
            <line number="71" hits="1"/>
            <line number="72" hits="1"/>
            <line number="75" hits="1"/>
            <line number="78" hits="1"/>
            <line number="79" hits="1"/>
            <line number="81" hits="1"/>
            <line number="83" hits="1"/>
            <line number="84" hits="1"/>
            <line number="87" hits="1"/>
            <line number="90" hits="1"/>
            <line number="91" hits="1"/>
            <line number="93" hits="1"/>
            <line number="95" hits="1"/>
            <line number="96" hits="1"/>
            <line number="99" hits="1"/>
            <line number="102" hits="1"/>
            <line number="103" hits="1"/>
            <line number="105" hits="1"/>
            <line number="107" hits="1"/>
            <line number="108" hits="1"/>
            <line number="112" hits="1"/>
            <line number="115" hits="1"/>
            <line number="116" hits="1"/>
            <line number="117" hits="1"/>
            <line number="119" hits="1"/>
            <line number="120" hits="1"/>
            <line number="123" hits="1"/>
            <line number="125" hits="1"/>
            <line number="126" hits="1"/>
            <line number="127" hits="1"/>
            <line number="137" hits="1"/>
            <line number="139" hits="1"/>
            <line number="140" hits="1"/>
            <line number="144" hits="1"/>
          </lines>
        </class>
        <class name="mathUtility.cpp" filename="DataStructures\ce205-final-eray-burak-cakir-cpp\src\utility\src\mathUtility.cpp" line-rate="0.97619047619047616" branch-rate="0" complexity="0">
          <methods/>
          <lines>
            <line number="14" hits="1"/>
            <line number="15" hits="1"/>
            <line number="17" hits="1"/>
            <line number="18" hits="1"/>
            <line number="19" hits="1"/>
            <line number="21" hits="1"/>
            <line number="22" hits="1"/>
            <line number="24" hits="1"/>
            <line number="27" hits="1"/>
            <line number="28" hits="1"/>
            <line number="30" hits="1"/>
            <line number="32" hits="1"/>
            <line number="34" hits="1"/>
            <line number="35" hits="1"/>
            <line number="36" hits="1"/>
            <line number="37" hits="1"/>
            <line number="38" hits="1"/>
            <line number="39" hits="1"/>
            <line number="40" hits="1"/>
            <line number="43" hits="1"/>
            <line number="44" hits="1"/>
            <line number="45" hits="1"/>
            <line number="47" hits="1"/>
            <line number="49" hits="1"/>
            <line number="50" hits="1"/>
            <line number="52" hits="1"/>
            <line number="53" hits="1"/>
            <line number="54" hits="1"/>
            <line number="55" hits="1"/>
            <line number="56" hits="0"/>
            <line number="57" hits="1"/>
            <line number="59" hits="1"/>
            <line number="61" hits="1"/>
            <line number="63" hits="1"/>
            <line number="64" hits="1"/>
            <line number="66" hits="1"/>
            <line number="68" hits="1"/>
            <line number="69" hits="1"/>
            <line number="72" hits="1"/>
            <line number="73" hits="1"/>
            <line number="75" hits="1"/>
            <line number="76" hits="1"/>
          </lines>
        </class>
      </classes>
    </package>
  </packages>
</coverage>
